\BOOKMARK [0][-]{chapter*.1}{\376\377\000A\000b\000s\000t\000r\000a\000c\000t}{}% 1
\BOOKMARK [0][-]{chapter*.2}{\376\377\000A\000c\000k\000n\000o\000w\000l\000e\000d\000g\000e\000m\000e\000n\000t\000s}{}% 2
\BOOKMARK [0][-]{chapter.1}{\376\377\000I\000n\000t\000r\000o\000d\000u\000c\000t\000i\000o\000n}{}% 3
\BOOKMARK [1][-]{section.1.1}{\376\377\000E\000x\000p\000l\000o\000r\000i\000n\000g\000\040\000t\000h\000e\000\040\000P\000r\000o\000b\000l\000e\000m\000\040\000S\000p\000a\000c\000e\000,\000\040\000e\000a\000r\000l\000y\000\040\000O\000c\000t\000o\000b\000e\000r}{chapter.1}% 4
\BOOKMARK [0][-]{chapter.2}{\376\377\000D\000a\000t\000a\000\040\000C\000o\000l\000l\000e\000c\000t\000i\000o\000n}{}% 5
\BOOKMARK [1][-]{section.2.1}{\376\377\000O\000v\000e\000r\000v\000i\000e\000w}{chapter.2}% 6
\BOOKMARK [1][-]{section.2.2}{\376\377\000V\000e\000r\000s\000i\000o\000n\000\040\0000}{chapter.2}% 7
\BOOKMARK [1][-]{section.2.3}{\376\377\000V\000e\000r\000s\000i\000o\000n\000\040\0001}{chapter.2}% 8
\BOOKMARK [2][-]{subsection.2.3.1}{\376\377\000O\000v\000e\000r\000v\000i\000e\000w}{section.2.3}% 9
\BOOKMARK [2][-]{subsection.2.3.2}{\376\377\000I\000n\000t\000e\000r\000f\000a\000c\000e\000\040\000D\000e\000s\000i\000g\000n}{section.2.3}% 10
\BOOKMARK [2][-]{subsection.2.3.3}{\376\377\000D\000e\000p\000l\000o\000y\000m\000e\000n\000t\000\040\000R\000e\000s\000u\000l\000t\000s}{section.2.3}% 11
\BOOKMARK [1][-]{section.2.4}{\376\377\000V\000e\000r\000s\000i\000o\000n\000\040\0002}{chapter.2}% 12
\BOOKMARK [2][-]{subsection.2.4.1}{\376\377\000O\000v\000e\000r\000v\000i\000e\000w}{section.2.4}% 13
\BOOKMARK [2][-]{subsection.2.4.2}{\376\377\000R\000e\000s\000u\000l\000t\000s}{section.2.4}% 14
\BOOKMARK [1][-]{section.2.5}{\376\377\000D\000a\000t\000a\000s\000e\000t\000\040\000S\000u\000m\000m\000a\000r\000y}{chapter.2}% 15
\BOOKMARK [0][-]{chapter.3}{\376\377\000M\000e\000t\000h\000o\000d\000s}{}% 16
\BOOKMARK [1][-]{section.3.1}{\376\377\000C\000L\000I\000P\000\040\000F\000i\000n\000e\000t\000u\000n\000e}{chapter.3}% 17
\BOOKMARK [2][-]{subsection.3.1.1}{\376\377\000I\000m\000a\000g\000e\000\040\000P\000r\000e\000-\000P\000r\000o\000c\000e\000s\000s\000i\000n\000g}{section.3.1}% 18
\BOOKMARK [2][-]{subsection.3.1.2}{\376\377\000T\000e\000x\000t\000\040\000P\000r\000e\000-\000P\000r\000o\000c\000e\000s\000s\000i\000n\000g}{section.3.1}% 19
\BOOKMARK [1][-]{section.3.2}{\376\377\000L\000o\000s\000s\000\040\000F\000u\000n\000c\000t\000i\000o\000n}{chapter.3}% 20
