This is pdfTeX, Version 3.141592653-2.6-1.40.24 (TeX Live 2022) (preloaded format=pdflatex 2022.4.11)  25 APR 2022 09:34
entering extended mode
 restricted \write18 enabled.
 file:line:error style messages enabled.
 %&-line parsing enabled.
**/home/erinzhang/Documents/master_thesis/main.tex
(/home/erinzhang/Documents/master_thesis/main.tex
LaTeX2e <2021-11-15> patch level 1
L3 programming layer <2022-02-24> (/usr/local/texlive/2022/texmf-dist/tex/latex/base/report.cls
Document Class: report 2021/10/04 v1.4n Standard LaTeX document class
(/usr/local/texlive/2022/texmf-dist/tex/latex/base/size10.clo
File: size10.clo 2021/10/04 v1.4n Standard LaTeX file (size option)
)
\c@part=\count185
\c@chapter=\count186
\c@section=\count187
\c@subsection=\count188
\c@subsubsection=\count189
\c@paragraph=\count190
\c@subparagraph=\count191
\c@figure=\count192
\c@table=\count193
\abovecaptionskip=\skip47
\belowcaptionskip=\skip48
\bibindent=\dimen138
) (./suthesis-ug.sty
Package: suthesis-ug 2019/05/20

Note that this is an unofficial style document. There are no official requirements for undergraduate honors theses as far as I am aware.
(/usr/local/texlive/2022/texmf-dist/tex/latex/setspace/setspace.sty
Package: setspace 2011/12/19 v6.7a set line spacing
)
\signaturespace=\skip49
) (/usr/local/texlive/2022/texmf-dist/tex/latex/graphics/graphicx.sty
Package: graphicx 2021/09/16 v1.2d Enhanced LaTeX Graphics (DPC,SPQR)
 (/usr/local/texlive/2022/texmf-dist/tex/latex/graphics/keyval.sty
Package: keyval 2014/10/28 v1.15 key=value parser (DPC)
\KV@toks@=\toks16
) (/usr/local/texlive/2022/texmf-dist/tex/latex/graphics/graphics.sty
Package: graphics 2021/03/04 v1.4d Standard LaTeX Graphics (DPC,SPQR)
 (/usr/local/texlive/2022/texmf-dist/tex/latex/graphics/trig.sty
Package: trig 2021/08/11 v1.11 sin cos tan (DPC)
) (/usr/local/texlive/2022/texmf-dist/tex/latex/graphics-cfg/graphics.cfg
File: graphics.cfg 2016/06/04 v1.11 sample graphics configuration
)
Package graphics Info: Driver file: pdftex.def on input line 107.
 (/usr/local/texlive/2022/texmf-dist/tex/latex/graphics-def/pdftex.def
File: pdftex.def 2020/10/05 v1.2a Graphics/color driver for pdftex
))
\Gin@req@height=\dimen139
\Gin@req@width=\dimen140
) (/usr/local/texlive/2022/texmf-dist/tex/latex/apacite/apacite.sty
Package: apacite 2013/07/21 v6.03 APA citation
\c@BibCnt=\count194
\bibleftmargin=\skip50
\bibindent=\skip51
\bibparsep=\skip52
\bibitemsep=\skip53
\biblabelsep=\skip54
) (/usr/local/texlive/2022/texmf-dist/tex/latex/natbib/natbib.sty
Package: natbib 2010/09/13 8.31b (PWD, AO)
\bibhang=\skip55
\bibsep=\skip56
LaTeX Info: Redefining \cite on input line 694.
LaTeX Info: Redefining \citeauthor on input line 712.
LaTeX Info: Redefining \citeyear on input line 735.
\c@NAT@ctr=\count195
) (/usr/local/texlive/2022/texmf-dist/tex/latex/tools/indentfirst.sty
Package: indentfirst 1995/11/23 v1.03 Indent first paragraph (DPC)
) (/usr/local/texlive/2022/texmf-dist/tex/latex/fontawesome5/fontawesome5.sty (/usr/local/texlive/2022/texmf-dist/tex/latex/l3kernel/expl3.sty
Package: expl3 2022-02-24 L3 programming layer (loader) 
 (/usr/local/texlive/2022/texmf-dist/tex/latex/l3backend/l3backend-pdftex.def
File: l3backend-pdftex.def 2022-02-07 L3 backend support: PDF output (pdfTeX)
\l__color_backend_stack_int=\count196
\l__pdf_internal_box=\box50
))
Package: fontawesome5 2021/06/04 v5.15.3 Font Awesome 5
 (/usr/local/texlive/2022/texmf-dist/tex/latex/l3packages/l3keys2e/l3keys2e.sty
Package: l3keys2e 2022-01-12 LaTeX2e option processing using LaTeX3 keys
) (/usr/local/texlive/2022/texmf-dist/tex/latex/l3packages/xparse/xparse.sty
Package: xparse 2022-01-12 L3 Experimental document command parser
) (/usr/local/texlive/2022/texmf-dist/tex/latex/fontawesome5/fontawesome5-generic-helper.sty
Package: fontawesome5-generic-helper 2021/06/04 v5.15.3 non-uTeX helper for fontawesome5
 (/usr/local/texlive/2022/texmf-dist/tex/latex/fontawesome5/fontawesome5-mapping.def))) (/usr/local/texlive/2022/texmf-dist/tex/latex/xcolor/xcolor.sty
Package: xcolor 2021/10/31 v2.13 LaTeX color extensions (UK)
 (/usr/local/texlive/2022/texmf-dist/tex/latex/graphics-cfg/color.cfg
File: color.cfg 2016/01/02 v1.6 sample color configuration
)
Package xcolor Info: Driver file: pdftex.def on input line 227.
Package xcolor Info: Model `cmy' substituted by `cmy0' on input line 1352.
Package xcolor Info: Model `hsb' substituted by `rgb' on input line 1356.
Package xcolor Info: Model `RGB' extended on input line 1368.
Package xcolor Info: Model `HTML' substituted by `rgb' on input line 1370.
Package xcolor Info: Model `Hsb' substituted by `hsb' on input line 1371.
Package xcolor Info: Model `tHsb' substituted by `hsb' on input line 1372.
Package xcolor Info: Model `HSB' substituted by `hsb' on input line 1373.
Package xcolor Info: Model `Gray' substituted by `gray' on input line 1374.
Package xcolor Info: Model `wave' substituted by `hsb' on input line 1375.
) (/usr/local/texlive/2022/texmf-dist/tex/latex/hyperref/hyperref.sty
Package: hyperref 2022-02-21 v7.00n Hypertext links for LaTeX
 (/usr/local/texlive/2022/texmf-dist/tex/generic/ltxcmds/ltxcmds.sty
Package: ltxcmds 2020-05-10 v1.25 LaTeX kernel commands for general use (HO)
) (/usr/local/texlive/2022/texmf-dist/tex/generic/iftex/iftex.sty
Package: iftex 2022/02/03 v1.0f TeX engine tests
) (/usr/local/texlive/2022/texmf-dist/tex/generic/pdftexcmds/pdftexcmds.sty
Package: pdftexcmds 2020-06-27 v0.33 Utility functions of pdfTeX for LuaTeX (HO)
 (/usr/local/texlive/2022/texmf-dist/tex/generic/infwarerr/infwarerr.sty
Package: infwarerr 2019/12/03 v1.5 Providing info/warning/error messages (HO)
)
Package pdftexcmds Info: \pdf@primitive is available.
Package pdftexcmds Info: \pdf@ifprimitive is available.
Package pdftexcmds Info: \pdfdraftmode found.
) (/usr/local/texlive/2022/texmf-dist/tex/generic/kvsetkeys/kvsetkeys.sty
Package: kvsetkeys 2019/12/15 v1.18 Key value parser (HO)
) (/usr/local/texlive/2022/texmf-dist/tex/generic/kvdefinekeys/kvdefinekeys.sty
Package: kvdefinekeys 2019-12-19 v1.6 Define keys (HO)
) (/usr/local/texlive/2022/texmf-dist/tex/generic/pdfescape/pdfescape.sty
Package: pdfescape 2019/12/09 v1.15 Implements pdfTeX's escape features (HO)
) (/usr/local/texlive/2022/texmf-dist/tex/latex/hycolor/hycolor.sty
Package: hycolor 2020-01-27 v1.10 Color options for hyperref/bookmark (HO)
) (/usr/local/texlive/2022/texmf-dist/tex/latex/letltxmacro/letltxmacro.sty
Package: letltxmacro 2019/12/03 v1.6 Let assignment for LaTeX macros (HO)
) (/usr/local/texlive/2022/texmf-dist/tex/latex/auxhook/auxhook.sty
Package: auxhook 2019-12-17 v1.6 Hooks for auxiliary files (HO)
) (/usr/local/texlive/2022/texmf-dist/tex/latex/kvoptions/kvoptions.sty
Package: kvoptions 2020-10-07 v3.14 Key value format for package options (HO)
)
\@linkdim=\dimen141
\Hy@linkcounter=\count197
\Hy@pagecounter=\count198
 (/usr/local/texlive/2022/texmf-dist/tex/latex/hyperref/pd1enc.def
File: pd1enc.def 2022-02-21 v7.00n Hyperref: PDFDocEncoding definition (HO)
Now handling font encoding PD1 ...
... no UTF-8 mapping file for font encoding PD1
) (/usr/local/texlive/2022/texmf-dist/tex/generic/intcalc/intcalc.sty
Package: intcalc 2019/12/15 v1.3 Expandable calculations with integers (HO)
) (/usr/local/texlive/2022/texmf-dist/tex/generic/etexcmds/etexcmds.sty
Package: etexcmds 2019/12/15 v1.7 Avoid name clashes with e-TeX commands (HO)
)
\Hy@SavedSpaceFactor=\count199
 (/usr/local/texlive/2022/texmf-dist/tex/latex/hyperref/puenc.def
File: puenc.def 2022-02-21 v7.00n Hyperref: PDF Unicode definition (HO)
Now handling font encoding PU ...
... no UTF-8 mapping file for font encoding PU
)
Package hyperref Info: Hyper figures OFF on input line 4137.
Package hyperref Info: Link nesting OFF on input line 4142.
Package hyperref Info: Hyper index ON on input line 4145.
Package hyperref Info: Plain pages OFF on input line 4152.
Package hyperref Info: Backreferencing OFF on input line 4157.
Package hyperref Info: Implicit mode ON; LaTeX internals redefined.
Package hyperref Info: Bookmarks ON on input line 4390.
\c@Hy@tempcnt=\count266
 (/usr/local/texlive/2022/texmf-dist/tex/latex/url/url.sty
\Urlmuskip=\muskip16
Package: url 2013/09/16  ver 3.4  Verb mode for urls, etc.
)
LaTeX Info: Redefining \url on input line 4749.
\XeTeXLinkMargin=\dimen142
 (/usr/local/texlive/2022/texmf-dist/tex/generic/bitset/bitset.sty
Package: bitset 2019/12/09 v1.3 Handle bit-vector datatype (HO)
 (/usr/local/texlive/2022/texmf-dist/tex/generic/bigintcalc/bigintcalc.sty
Package: bigintcalc 2019/12/15 v1.5 Expandable calculations on big integers (HO)
))
\Fld@menulength=\count267
\Field@Width=\dimen143
\Fld@charsize=\dimen144
Package hyperref Info: Hyper figures OFF on input line 6027.
Package hyperref Info: Link nesting OFF on input line 6032.
Package hyperref Info: Hyper index ON on input line 6035.
Package hyperref Info: backreferencing OFF on input line 6042.
Package hyperref Info: Link coloring OFF on input line 6047.
Package hyperref Info: Link coloring with OCG OFF on input line 6052.
Package hyperref Info: PDF/A mode OFF on input line 6057.
LaTeX Info: Redefining \ref on input line 6097.
LaTeX Info: Redefining \pageref on input line 6101.
 (/usr/local/texlive/2022/texmf-dist/tex/latex/base/atbegshi-ltx.sty
Package: atbegshi-ltx 2021/01/10 v1.0c Emulation of the original atbegshi
package with kernel methods
)
\Hy@abspage=\count268
\c@Item=\count269
\c@Hfootnote=\count270
)
Package hyperref Info: Driver (autodetected): hpdftex.
 (/usr/local/texlive/2022/texmf-dist/tex/latex/hyperref/hpdftex.def
File: hpdftex.def 2022-02-21 v7.00n Hyperref driver for pdfTeX
 (/usr/local/texlive/2022/texmf-dist/tex/latex/base/atveryend-ltx.sty
Package: atveryend-ltx 2020/08/19 v1.0a Emulation of the original atveryend package
with kernel methods
)
\Fld@listcount=\count271
\c@bookmark@seq@number=\count272
 (/usr/local/texlive/2022/texmf-dist/tex/latex/rerunfilecheck/rerunfilecheck.sty
Package: rerunfilecheck 2019/12/05 v1.9 Rerun checks for auxiliary files (HO)
 (/usr/local/texlive/2022/texmf-dist/tex/generic/uniquecounter/uniquecounter.sty
Package: uniquecounter 2019/12/15 v1.4 Provide unlimited unique counter (HO)
)
Package uniquecounter Info: New unique counter `rerunfilecheck' on input line 286.
)
\Hy@SectionHShift=\skip57
) (/usr/local/texlive/2022/texmf-dist/tex/latex/caption/caption.sty
Package: caption 2022/03/01 v3.6b Customizing captions (AR)
 (/usr/local/texlive/2022/texmf-dist/tex/latex/caption/caption3.sty
Package: caption3 2022/03/17 v2.3b caption3 kernel (AR)
\caption@tempdima=\dimen145
\captionmargin=\dimen146
\caption@leftmargin=\dimen147
\caption@rightmargin=\dimen148
\caption@width=\dimen149
\caption@indent=\dimen150
\caption@parindent=\dimen151
\caption@hangindent=\dimen152
Package caption Info: Standard document class detected.
)
\c@caption@flags=\count273
\c@continuedfloat=\count274
Package caption Info: hyperref package is loaded.
) (/usr/local/texlive/2022/texmf-dist/tex/latex/caption/subcaption.sty
Package: subcaption 2022/01/07 v1.5 Sub-captions (AR)
\c@subfigure=\count275
\c@subtable=\count276
) (/usr/local/texlive/2022/texmf-dist/tex/latex/booktabs/booktabs.sty
Package: booktabs 2020/01/12 v1.61803398 Publication quality tables
\heavyrulewidth=\dimen153
\lightrulewidth=\dimen154
\cmidrulewidth=\dimen155
\belowrulesep=\dimen156
\belowbottomsep=\dimen157
\aboverulesep=\dimen158
\abovetopsep=\dimen159
\cmidrulesep=\dimen160
\cmidrulekern=\dimen161
\defaultaddspace=\dimen162
\@cmidla=\count277
\@cmidlb=\count278
\@aboverulesep=\dimen163
\@belowrulesep=\dimen164
\@thisruleclass=\count279
\@lastruleclass=\count280
\@thisrulewidth=\dimen165
) (/usr/local/texlive/2022/texmf-dist/tex/latex/enumitem/enumitem.sty
Package: enumitem 2019/06/20 v3.9 Customized lists
\labelindent=\skip58
\enit@outerparindent=\dimen166
\enit@toks=\toks17
\enit@inbox=\box51
\enit@count@id=\count281
\enitdp@description=\count282
) (/usr/local/texlive/2022/texmf-dist/tex/latex/amsfonts/amsfonts.sty
Package: amsfonts 2013/01/14 v3.01 Basic AMSFonts support
\@emptytoks=\toks18
\symAMSa=\mathgroup4
\symAMSb=\mathgroup5
LaTeX Font Info:    Redeclaring math symbol \hbar on input line 98.
LaTeX Font Info:    Overwriting math alphabet `\mathfrak' in version `bold'
(Font)                  U/euf/m/n --> U/euf/b/n on input line 106.
) (/usr/local/texlive/2022/texmf-dist/tex/latex/float/float.sty
Package: float 2001/11/08 v1.3d Float enhancements (AL)
\c@float@type=\count283
\float@exts=\toks19
\float@box=\box52
\@float@everytoks=\toks20
\@floatcapt=\box53
) (/usr/local/texlive/2022/texmf-dist/tex/latex/amsmath/amsmath.sty
Package: amsmath 2021/10/15 v2.17l AMS math features
\@mathmargin=\skip59

For additional information on amsmath, use the `?' option.
(/usr/local/texlive/2022/texmf-dist/tex/latex/amsmath/amstext.sty
Package: amstext 2021/08/26 v2.01 AMS text
 (/usr/local/texlive/2022/texmf-dist/tex/latex/amsmath/amsgen.sty
File: amsgen.sty 1999/11/30 v2.0 generic functions
\@emptytoks=\toks21
\ex@=\dimen167
)) (/usr/local/texlive/2022/texmf-dist/tex/latex/amsmath/amsbsy.sty
Package: amsbsy 1999/11/29 v1.2d Bold Symbols
\pmbraise@=\dimen168
) (/usr/local/texlive/2022/texmf-dist/tex/latex/amsmath/amsopn.sty
Package: amsopn 2021/08/26 v2.02 operator names
)
\inf@bad=\count284
LaTeX Info: Redefining \frac on input line 234.
\uproot@=\count285
\leftroot@=\count286
LaTeX Info: Redefining \overline on input line 399.
\classnum@=\count287
\DOTSCASE@=\count288
LaTeX Info: Redefining \ldots on input line 496.
LaTeX Info: Redefining \dots on input line 499.
LaTeX Info: Redefining \cdots on input line 620.
\Mathstrutbox@=\box54
\strutbox@=\box55
\big@size=\dimen169
LaTeX Font Info:    Redeclaring font encoding OML on input line 743.
LaTeX Font Info:    Redeclaring font encoding OMS on input line 744.
\macc@depth=\count289
\c@MaxMatrixCols=\count290
\dotsspace@=\muskip17
\c@parentequation=\count291
\dspbrk@lvl=\count292
\tag@help=\toks22
\row@=\count293
\column@=\count294
\maxfields@=\count295
\andhelp@=\toks23
\eqnshift@=\dimen170
\alignsep@=\dimen171
\tagshift@=\dimen172
\tagwidth@=\dimen173
\totwidth@=\dimen174
\lineht@=\dimen175
\@envbody=\toks24
\multlinegap=\skip60
\multlinetaggap=\skip61
\mathdisplay@stack=\toks25
LaTeX Info: Redefining \[ on input line 2938.
LaTeX Info: Redefining \] on input line 2939.
) (/usr/local/texlive/2022/texmf-dist/tex/latex/multirow/multirow.sty
Package: multirow 2021/03/15 v2.8 Span multiple rows of a table
\multirow@colwidth=\skip62
\multirow@cntb=\count296
\multirow@dima=\skip63
\bigstrutjot=\dimen176
) (/usr/local/texlive/2022/texmf-dist/tex/latex/tools/array.sty
Package: array 2021/10/04 v2.5f Tabular extension package (FMi)
\col@sep=\dimen177
\ar@mcellbox=\box56
\extrarowheight=\dimen178
\NC@list=\toks26
\extratabsurround=\skip64
\backup@length=\skip65
\ar@cellbox=\box57
) (/usr/local/texlive/2022/texmf-dist/tex/latex/tools/tabularx.sty
Package: tabularx 2020/01/15 v2.11c `tabularx' package (DPC)
\TX@col@width=\dimen179
\TX@old@table=\dimen180
\TX@old@col=\dimen181
\TX@target=\dimen182
\TX@delta=\dimen183
\TX@cols=\count297
\TX@ftn=\toks27
) (/usr/local/texlive/2022/texmf-dist/tex/latex/koma-script/scrextend.sty
Package: scrextend 2021/11/13 v3.35 KOMA-Script package (extend other classes with features of KOMA-Script classes)
 (/usr/local/texlive/2022/texmf-dist/tex/latex/koma-script/scrkbase.sty
Package: scrkbase 2021/11/13 v3.35 KOMA-Script package (KOMA-Script-dependent basics and keyval usage)
 (/usr/local/texlive/2022/texmf-dist/tex/latex/koma-script/scrbase.sty
Package: scrbase 2021/11/13 v3.35 KOMA-Script package (KOMA-Script-independent basics and keyval usage)
 (/usr/local/texlive/2022/texmf-dist/tex/latex/koma-script/scrlfile.sty
Package: scrlfile 2021/11/13 v3.35 KOMA-Script package (file load hooks)
 (/usr/local/texlive/2022/texmf-dist/tex/latex/koma-script/scrlfile-hook.sty
Package: scrlfile-hook 2021/11/13 v3.35 KOMA-Script package (using LaTeX hooks)
 (/usr/local/texlive/2022/texmf-dist/tex/latex/koma-script/scrlogo.sty
Package: scrlogo 2021/11/13 v3.35 KOMA-Script package (logo)
)))
Applying: [2021/05/01] Usage of raw or classic option list on input line 252.
Already applied: [0000/00/00] Usage of raw or classic option list on input line 368.
))

LaTeX Warning: Command \@footnotemark  has changed.
               Check if current package is valid.

) (/usr/local/texlive/2022/texmf-dist/tex/latex/blindtext/blindtext.sty
Package: blindtext 2012/01/06 V2.0 blindtext-Package
 (/usr/local/texlive/2022/texmf-dist/tex/latex/tools/xspace.sty
Package: xspace 2014/10/28 v1.13 Space after command names (DPC,MH)
)
\c@blindtext=\count298
\c@Blindtext=\count299
\c@blind@countparstart=\count300
\blind@countxx=\count301
\blindtext@numBlindtext=\count302
\blind@countyy=\count303
\c@blindlist=\count304
\c@blindlistlevel=\count305
\c@blindlist@level=\count306
\blind@listitem=\count307
\c@blind@listcount=\count308
\c@blind@levelcount=\count309
\blind@mathformula=\count310
\blind@Mathformula=\count311
\c@blind@randomcount=\count312
\c@blind@randommax=\count313
\c@blind@pangramcount=\count314
\c@blind@pangrammax=\count315
) (/usr/local/texlive/2022/texmf-dist/tex/latex/bbm-macros/bbm.sty
Package: bbm 1999/03/15 V 1.2 provides fonts for set symbols - TH
LaTeX Font Info:    Overwriting math alphabet `\mathbbm' in version `bold'
(Font)                  U/bbm/m/n --> U/bbm/bx/n on input line 33.
LaTeX Font Info:    Overwriting math alphabet `\mathbbmss' in version `bold'
(Font)                  U/bbmss/m/n --> U/bbmss/bx/n on input line 35.
) (/usr/local/texlive/2022/texmf-dist/tex/latex/todonotes/todonotes.sty
Package: todonotes 2021/06/04 v1.1.5 Todonotes source and documentation.
Package: todonotes 2021/06/04
 (/usr/local/texlive/2022/texmf-dist/tex/latex/base/ifthen.sty
Package: ifthen 2020/11/24 v1.1c Standard LaTeX ifthen package (DPC)
) (/usr/local/texlive/2022/texmf-dist/tex/latex/xkeyval/xkeyval.sty
Package: xkeyval 2020/11/20 v2.8 package option processing (HA)
 (/usr/local/texlive/2022/texmf-dist/tex/generic/xkeyval/xkeyval.tex (/usr/local/texlive/2022/texmf-dist/tex/generic/xkeyval/xkvutils.tex
\XKV@toks=\toks28
\XKV@tempa@toks=\toks29
)
\XKV@depth=\count316
File: xkeyval.tex 2014/12/03 v2.7a key=value parser (HA)
)) (/usr/local/texlive/2022/texmf-dist/tex/latex/pgf/frontendlayer/tikz.sty (/usr/local/texlive/2022/texmf-dist/tex/latex/pgf/basiclayer/pgf.sty (/usr/local/texlive/2022/texmf-dist/tex/latex/pgf/utilities/pgfrcs.sty (/usr/local/texlive/2022/texmf-dist/tex/generic/pgf/utilities/pgfutil-common.tex
\pgfutil@everybye=\toks30
\pgfutil@tempdima=\dimen184
\pgfutil@tempdimb=\dimen185
 (/usr/local/texlive/2022/texmf-dist/tex/generic/pgf/utilities/pgfutil-common-lists.tex)) (/usr/local/texlive/2022/texmf-dist/tex/generic/pgf/utilities/pgfutil-latex.def
\pgfutil@abb=\box58
) (/usr/local/texlive/2022/texmf-dist/tex/generic/pgf/utilities/pgfrcs.code.tex (/usr/local/texlive/2022/texmf-dist/tex/generic/pgf/pgf.revision.tex)
Package: pgfrcs 2021/05/15 v3.1.9a (3.1.9a)
))
Package: pgf 2021/05/15 v3.1.9a (3.1.9a)
 (/usr/local/texlive/2022/texmf-dist/tex/latex/pgf/basiclayer/pgfcore.sty (/usr/local/texlive/2022/texmf-dist/tex/latex/pgf/systemlayer/pgfsys.sty (/usr/local/texlive/2022/texmf-dist/tex/generic/pgf/systemlayer/pgfsys.code.tex
Package: pgfsys 2021/05/15 v3.1.9a (3.1.9a)
 (/usr/local/texlive/2022/texmf-dist/tex/generic/pgf/utilities/pgfkeys.code.tex
\pgfkeys@pathtoks=\toks31
\pgfkeys@temptoks=\toks32
 (/usr/local/texlive/2022/texmf-dist/tex/generic/pgf/utilities/pgfkeysfiltered.code.tex
\pgfkeys@tmptoks=\toks33
))
\pgf@x=\dimen186
\pgf@y=\dimen187
\pgf@xa=\dimen188
\pgf@ya=\dimen189
\pgf@xb=\dimen190
\pgf@yb=\dimen191
\pgf@xc=\dimen192
\pgf@yc=\dimen193
\pgf@xd=\dimen194
\pgf@yd=\dimen195
\w@pgf@writea=\write3
\r@pgf@reada=\read2
\c@pgf@counta=\count317
\c@pgf@countb=\count318
\c@pgf@countc=\count319
\c@pgf@countd=\count320
\t@pgf@toka=\toks34
\t@pgf@tokb=\toks35
\t@pgf@tokc=\toks36
\pgf@sys@id@count=\count321
 (/usr/local/texlive/2022/texmf-dist/tex/generic/pgf/systemlayer/pgf.cfg
File: pgf.cfg 2021/05/15 v3.1.9a (3.1.9a)
)
Driver file for pgf: pgfsys-pdftex.def
 (/usr/local/texlive/2022/texmf-dist/tex/generic/pgf/systemlayer/pgfsys-pdftex.def
File: pgfsys-pdftex.def 2021/05/15 v3.1.9a (3.1.9a)
 (/usr/local/texlive/2022/texmf-dist/tex/generic/pgf/systemlayer/pgfsys-common-pdf.def
File: pgfsys-common-pdf.def 2021/05/15 v3.1.9a (3.1.9a)
))) (/usr/local/texlive/2022/texmf-dist/tex/generic/pgf/systemlayer/pgfsyssoftpath.code.tex
File: pgfsyssoftpath.code.tex 2021/05/15 v3.1.9a (3.1.9a)
\pgfsyssoftpath@smallbuffer@items=\count322
\pgfsyssoftpath@bigbuffer@items=\count323
) (/usr/local/texlive/2022/texmf-dist/tex/generic/pgf/systemlayer/pgfsysprotocol.code.tex
File: pgfsysprotocol.code.tex 2021/05/15 v3.1.9a (3.1.9a)
)) (/usr/local/texlive/2022/texmf-dist/tex/generic/pgf/basiclayer/pgfcore.code.tex
Package: pgfcore 2021/05/15 v3.1.9a (3.1.9a)
 (/usr/local/texlive/2022/texmf-dist/tex/generic/pgf/math/pgfmath.code.tex (/usr/local/texlive/2022/texmf-dist/tex/generic/pgf/math/pgfmathcalc.code.tex (/usr/local/texlive/2022/texmf-dist/tex/generic/pgf/math/pgfmathutil.code.tex) (/usr/local/texlive/2022/texmf-dist/tex/generic/pgf/math/pgfmathparser.code.tex
\pgfmath@dimen=\dimen196
\pgfmath@count=\count324
\pgfmath@box=\box59
\pgfmath@toks=\toks37
\pgfmath@stack@operand=\toks38
\pgfmath@stack@operation=\toks39
) (/usr/local/texlive/2022/texmf-dist/tex/generic/pgf/math/pgfmathfunctions.code.tex (/usr/local/texlive/2022/texmf-dist/tex/generic/pgf/math/pgfmathfunctions.basic.code.tex) (/usr/local/texlive/2022/texmf-dist/tex/generic/pgf/math/pgfmathfunctions.trigonometric.code.tex) (/usr/local/texlive/2022/texmf-dist/tex/generic/pgf/math/pgfmathfunctions.random.code.tex) (/usr/local/texlive/2022/texmf-dist/tex/generic/pgf/math/pgfmathfunctions.comparison.code.tex) (/usr/local/texlive/2022/texmf-dist/tex/generic/pgf/math/pgfmathfunctions.base.code.tex) (/usr/local/texlive/2022/texmf-dist/tex/generic/pgf/math/pgfmathfunctions.round.code.tex) (/usr/local/texlive/2022/texmf-dist/tex/generic/pgf/math/pgfmathfunctions.misc.code.tex) (/usr/local/texlive/2022/texmf-dist/tex/generic/pgf/math/pgfmathfunctions.integerarithmetics.code.tex))) (/usr/local/texlive/2022/texmf-dist/tex/generic/pgf/math/pgfmathfloat.code.tex
\c@pgfmathroundto@lastzeros=\count325
)) (/usr/local/texlive/2022/texmf-dist/tex/generic/pgf/math/pgfint.code.tex) (/usr/local/texlive/2022/texmf-dist/tex/generic/pgf/basiclayer/pgfcorepoints.code.tex
File: pgfcorepoints.code.tex 2021/05/15 v3.1.9a (3.1.9a)
\pgf@picminx=\dimen197
\pgf@picmaxx=\dimen198
\pgf@picminy=\dimen199
\pgf@picmaxy=\dimen256
\pgf@pathminx=\dimen257
\pgf@pathmaxx=\dimen258
\pgf@pathminy=\dimen259
\pgf@pathmaxy=\dimen260
\pgf@xx=\dimen261
\pgf@xy=\dimen262
\pgf@yx=\dimen263
\pgf@yy=\dimen264
\pgf@zx=\dimen265
\pgf@zy=\dimen266
) (/usr/local/texlive/2022/texmf-dist/tex/generic/pgf/basiclayer/pgfcorepathconstruct.code.tex
File: pgfcorepathconstruct.code.tex 2021/05/15 v3.1.9a (3.1.9a)
\pgf@path@lastx=\dimen267
\pgf@path@lasty=\dimen268
) (/usr/local/texlive/2022/texmf-dist/tex/generic/pgf/basiclayer/pgfcorepathusage.code.tex
File: pgfcorepathusage.code.tex 2021/05/15 v3.1.9a (3.1.9a)
\pgf@shorten@end@additional=\dimen269
\pgf@shorten@start@additional=\dimen270
) (/usr/local/texlive/2022/texmf-dist/tex/generic/pgf/basiclayer/pgfcorescopes.code.tex
File: pgfcorescopes.code.tex 2021/05/15 v3.1.9a (3.1.9a)
\pgfpic=\box60
\pgf@hbox=\box61
\pgf@layerbox@main=\box62
\pgf@picture@serial@count=\count326
) (/usr/local/texlive/2022/texmf-dist/tex/generic/pgf/basiclayer/pgfcoregraphicstate.code.tex
File: pgfcoregraphicstate.code.tex 2021/05/15 v3.1.9a (3.1.9a)
\pgflinewidth=\dimen271
) (/usr/local/texlive/2022/texmf-dist/tex/generic/pgf/basiclayer/pgfcoretransformations.code.tex
File: pgfcoretransformations.code.tex 2021/05/15 v3.1.9a (3.1.9a)
\pgf@pt@x=\dimen272
\pgf@pt@y=\dimen273
\pgf@pt@temp=\dimen274
) (/usr/local/texlive/2022/texmf-dist/tex/generic/pgf/basiclayer/pgfcorequick.code.tex
File: pgfcorequick.code.tex 2021/05/15 v3.1.9a (3.1.9a)
) (/usr/local/texlive/2022/texmf-dist/tex/generic/pgf/basiclayer/pgfcoreobjects.code.tex
File: pgfcoreobjects.code.tex 2021/05/15 v3.1.9a (3.1.9a)
) (/usr/local/texlive/2022/texmf-dist/tex/generic/pgf/basiclayer/pgfcorepathprocessing.code.tex
File: pgfcorepathprocessing.code.tex 2021/05/15 v3.1.9a (3.1.9a)
) (/usr/local/texlive/2022/texmf-dist/tex/generic/pgf/basiclayer/pgfcorearrows.code.tex
File: pgfcorearrows.code.tex 2021/05/15 v3.1.9a (3.1.9a)
\pgfarrowsep=\dimen275
) (/usr/local/texlive/2022/texmf-dist/tex/generic/pgf/basiclayer/pgfcoreshade.code.tex
File: pgfcoreshade.code.tex 2021/05/15 v3.1.9a (3.1.9a)
\pgf@max=\dimen276
\pgf@sys@shading@range@num=\count327
\pgf@shadingcount=\count328
) (/usr/local/texlive/2022/texmf-dist/tex/generic/pgf/basiclayer/pgfcoreimage.code.tex
File: pgfcoreimage.code.tex 2021/05/15 v3.1.9a (3.1.9a)
 (/usr/local/texlive/2022/texmf-dist/tex/generic/pgf/basiclayer/pgfcoreexternal.code.tex
File: pgfcoreexternal.code.tex 2021/05/15 v3.1.9a (3.1.9a)
\pgfexternal@startupbox=\box63
)) (/usr/local/texlive/2022/texmf-dist/tex/generic/pgf/basiclayer/pgfcorelayers.code.tex
File: pgfcorelayers.code.tex 2021/05/15 v3.1.9a (3.1.9a)
) (/usr/local/texlive/2022/texmf-dist/tex/generic/pgf/basiclayer/pgfcoretransparency.code.tex
File: pgfcoretransparency.code.tex 2021/05/15 v3.1.9a (3.1.9a)
) (/usr/local/texlive/2022/texmf-dist/tex/generic/pgf/basiclayer/pgfcorepatterns.code.tex
File: pgfcorepatterns.code.tex 2021/05/15 v3.1.9a (3.1.9a)
) (/usr/local/texlive/2022/texmf-dist/tex/generic/pgf/basiclayer/pgfcorerdf.code.tex
File: pgfcorerdf.code.tex 2021/05/15 v3.1.9a (3.1.9a)
))) (/usr/local/texlive/2022/texmf-dist/tex/generic/pgf/modules/pgfmoduleshapes.code.tex
File: pgfmoduleshapes.code.tex 2021/05/15 v3.1.9a (3.1.9a)
\pgfnodeparttextbox=\box64
) (/usr/local/texlive/2022/texmf-dist/tex/generic/pgf/modules/pgfmoduleplot.code.tex
File: pgfmoduleplot.code.tex 2021/05/15 v3.1.9a (3.1.9a)
) (/usr/local/texlive/2022/texmf-dist/tex/latex/pgf/compatibility/pgfcomp-version-0-65.sty
Package: pgfcomp-version-0-65 2021/05/15 v3.1.9a (3.1.9a)
\pgf@nodesepstart=\dimen277
\pgf@nodesepend=\dimen278
) (/usr/local/texlive/2022/texmf-dist/tex/latex/pgf/compatibility/pgfcomp-version-1-18.sty
Package: pgfcomp-version-1-18 2021/05/15 v3.1.9a (3.1.9a)
)) (/usr/local/texlive/2022/texmf-dist/tex/latex/pgf/utilities/pgffor.sty (/usr/local/texlive/2022/texmf-dist/tex/latex/pgf/utilities/pgfkeys.sty (/usr/local/texlive/2022/texmf-dist/tex/generic/pgf/utilities/pgfkeys.code.tex)) (/usr/local/texlive/2022/texmf-dist/tex/latex/pgf/math/pgfmath.sty (/usr/local/texlive/2022/texmf-dist/tex/generic/pgf/math/pgfmath.code.tex)) (/usr/local/texlive/2022/texmf-dist/tex/generic/pgf/utilities/pgffor.code.tex
Package: pgffor 2021/05/15 v3.1.9a (3.1.9a)
 (/usr/local/texlive/2022/texmf-dist/tex/generic/pgf/math/pgfmath.code.tex)
\pgffor@iter=\dimen279
\pgffor@skip=\dimen280
\pgffor@stack=\toks40
\pgffor@toks=\toks41
)) (/usr/local/texlive/2022/texmf-dist/tex/generic/pgf/frontendlayer/tikz/tikz.code.tex
Package: tikz 2021/05/15 v3.1.9a (3.1.9a)
 (/usr/local/texlive/2022/texmf-dist/tex/generic/pgf/libraries/pgflibraryplothandlers.code.tex
File: pgflibraryplothandlers.code.tex 2021/05/15 v3.1.9a (3.1.9a)
\pgf@plot@mark@count=\count329
\pgfplotmarksize=\dimen281
)
\tikz@lastx=\dimen282
\tikz@lasty=\dimen283
\tikz@lastxsaved=\dimen284
\tikz@lastysaved=\dimen285
\tikz@lastmovetox=\dimen286
\tikz@lastmovetoy=\dimen287
\tikzleveldistance=\dimen288
\tikzsiblingdistance=\dimen289
\tikz@figbox=\box65
\tikz@figbox@bg=\box66
\tikz@tempbox=\box67
\tikz@tempbox@bg=\box68
\tikztreelevel=\count330
\tikznumberofchildren=\count331
\tikznumberofcurrentchild=\count332
\tikz@fig@count=\count333
 (/usr/local/texlive/2022/texmf-dist/tex/generic/pgf/modules/pgfmodulematrix.code.tex
File: pgfmodulematrix.code.tex 2021/05/15 v3.1.9a (3.1.9a)
\pgfmatrixcurrentrow=\count334
\pgfmatrixcurrentcolumn=\count335
\pgf@matrix@numberofcolumns=\count336
)
\tikz@expandcount=\count337
 (/usr/local/texlive/2022/texmf-dist/tex/generic/pgf/frontendlayer/tikz/libraries/tikzlibrarytopaths.code.tex
File: tikzlibrarytopaths.code.tex 2021/05/15 v3.1.9a (3.1.9a)
))) (/usr/local/texlive/2022/texmf-dist/tex/generic/pgf/frontendlayer/tikz/libraries/tikzlibrarypositioning.code.tex
File: tikzlibrarypositioning.code.tex 2021/05/15 v3.1.9a (3.1.9a)
) (/usr/local/texlive/2022/texmf-dist/tex/latex/tools/calc.sty
Package: calc 2017/05/25 v4.3 Infix arithmetic (KKT,FJ)
\calc@Acount=\count338
\calc@Bcount=\count339
\calc@Adimen=\dimen290
\calc@Bdimen=\dimen291
\calc@Askip=\skip66
\calc@Bskip=\skip67
LaTeX Info: Redefining \setlength on input line 80.
LaTeX Info: Redefining \addtolength on input line 81.
\calc@Ccount=\count340
\calc@Cskip=\skip68
)
\c@@todonotes@numberoftodonotes=\count341
)
Package hyperref Info: Option `colorlinks' set `false' on input line 54.
 (./main.aux)
\openout1 = `main.aux'.

LaTeX Font Info:    Checking defaults for OML/cmm/m/it on input line 59.
LaTeX Font Info:    ... okay on input line 59.
LaTeX Font Info:    Checking defaults for OMS/cmsy/m/n on input line 59.
LaTeX Font Info:    ... okay on input line 59.
LaTeX Font Info:    Checking defaults for OT1/cmr/m/n on input line 59.
LaTeX Font Info:    ... okay on input line 59.
LaTeX Font Info:    Checking defaults for T1/cmr/m/n on input line 59.
LaTeX Font Info:    ... okay on input line 59.
LaTeX Font Info:    Checking defaults for TS1/cmr/m/n on input line 59.
LaTeX Font Info:    ... okay on input line 59.
LaTeX Font Info:    Checking defaults for OMX/cmex/m/n on input line 59.
LaTeX Font Info:    ... okay on input line 59.
LaTeX Font Info:    Checking defaults for U/cmr/m/n on input line 59.
LaTeX Font Info:    ... okay on input line 59.
LaTeX Font Info:    Checking defaults for PD1/pdf/m/n on input line 59.
LaTeX Font Info:    ... okay on input line 59.
LaTeX Font Info:    Checking defaults for PU/pdf/m/n on input line 59.
LaTeX Font Info:    ... okay on input line 59.
 (/usr/local/texlive/2022/texmf-dist/tex/context/base/mkii/supp-pdf.mkii
[Loading MPS to PDF converter (version 2006.09.02).]
\scratchcounter=\count342
\scratchdimen=\dimen292
\scratchbox=\box69
\nofMPsegments=\count343
\nofMParguments=\count344
\everyMPshowfont=\toks42
\MPscratchCnt=\count345
\MPscratchDim=\dimen293
\MPnumerator=\count346
\makeMPintoPDFobject=\count347
\everyMPtoPDFconversion=\toks43
) (/usr/local/texlive/2022/texmf-dist/tex/latex/epstopdf-pkg/epstopdf-base.sty
Package: epstopdf-base 2020-01-24 v2.11 Base part for package epstopdf
Package epstopdf-base Info: Redefining graphics rule for `.eps' on input line 485.
 (/usr/local/texlive/2022/texmf-dist/tex/latex/latexconfig/epstopdf-sys.cfg
File: epstopdf-sys.cfg 2010/07/13 v1.3 Configuration of (r)epstopdf for TeX Live
))
\c@maskedRefs=\count348
 (/usr/local/texlive/2022/texmf-dist/tex/latex/apacite/english.apc
File: english.apc 2013/07/21 v6.03 apacite language file
LaTeX Info: Redefining \BPBI on input line 129.
LaTeX Info: Redefining \BHBI on input line 130.
)
Package hyperref Info: Link coloring OFF on input line 59.
 (/usr/local/texlive/2022/texmf-dist/tex/latex/hyperref/nameref.sty
Package: nameref 2021-04-02 v2.47 Cross-referencing by name of section
 (/usr/local/texlive/2022/texmf-dist/tex/latex/refcount/refcount.sty
Package: refcount 2019/12/15 v3.6 Data extraction from label references (HO)
) (/usr/local/texlive/2022/texmf-dist/tex/generic/gettitlestring/gettitlestring.sty
Package: gettitlestring 2019/12/15 v1.6 Cleanup title references (HO)
)
\c@section@level=\count349
)
LaTeX Info: Redefining \ref on input line 59.
LaTeX Info: Redefining \pageref on input line 59.
LaTeX Info: Redefining \nameref on input line 59.
 (./main.out) (./main.out)
\@outlinefile=\write4
\openout4 = `main.out'.

Package caption Info: Begin \AtBeginDocument code.
Package caption Info: float package is loaded.
Package caption Info: End \AtBeginDocument code.


Package todonotes Warning: The length marginparwidth is less than 2cm and will most likely cause issues with the appearance of inserted todonotes. The issue can be solved by adding a line like \setlength {\marginparwidth }{2cm} prior to loading the todonotes package. on input line 59.

[1

{/usr/local/texlive/2022/texmf-var/fonts/map/pdftex/updmap/pdftex.map}]
LaTeX Font Info:    Trying to load font information for U+msa on input line 70.
 (/usr/local/texlive/2022/texmf-dist/tex/latex/amsfonts/umsa.fd
File: umsa.fd 2013/01/14 v3.01 AMS symbols A
)
LaTeX Font Info:    Trying to load font information for U+msb on input line 70.
 (/usr/local/texlive/2022/texmf-dist/tex/latex/amsfonts/umsb.fd
File: umsb.fd 2013/01/14 v3.01 AMS symbols B
)
Overfull \hbox (8.75388pt too wide) detected at line 70
 []
 []

[2] [3



] (./acknowledgement.tex) [4

] (./main.toc [5

])
\tf@toc=\write5
\openout5 = `main.toc'.

 [6]
Chapter 1.
(./background.tex
<introduction/sketch_composition.png, id=183, 625.33624pt x 456.70625pt>
File: introduction/sketch_composition.png Graphic file (type png)
<use introduction/sketch_composition.png>
Package pdftex.def Info: introduction/sketch_composition.png  used on input line 9.
(pdftex.def)             Requested size: 130.08731pt x 95.00519pt.
Package hyperref Info: bookmark level for unknown todo defaults to 0 on input line 14.

Underfull \vbox (badness 10000) has occurred while \output is active []

 [1


 <./introduction/sketch_composition.png>]) [2]
Chapter 2.
(./related_work.tex
Underfull \vbox (badness 10000) has occurred while \output is active []

 [3

] [4] [5] [6]
Underfull \vbox (badness 10000) has occurred while \output is active []

 [7]
Underfull \vbox (badness 10000) has occurred while \output is active []

 [8]) [9]
Chapter 3.
(./data.tex (./data_overview.tex [10

]
Underfull \vbox (badness 2418) has occurred while \output is active []

 [11] [12]
LaTeX Font Info:    Trying to load font information for U+fontawesomefree2 on input line 55.
 (/usr/local/texlive/2022/texmf-dist/tex/latex/fontawesome5/ufontawesomefree2.fd)
<data_collection/version_0_select_primitive.png, id=336, 1213.03188pt x 706.64pt>
File: data_collection/version_0_select_primitive.png Graphic file (type png)
<use data_collection/version_0_select_primitive.png>
Package pdftex.def Info: data_collection/version_0_select_primitive.png  used on input line 64.
(pdftex.def)             Requested size: 346.89731pt x 202.08456pt.
<data_collection/version_0_smiley_flower_with_primitive.png, id=337, 1189.44376pt x 706.64pt>
File: data_collection/version_0_smiley_flower_with_primitive.png Graphic file (type png)
<use data_collection/version_0_smiley_flower_with_primitive.png>
Package pdftex.def Info: data_collection/version_0_smiley_flower_with_primitive.png  used on input line 72.
(pdftex.def)             Requested size: 346.89731pt x 206.08485pt.
) (./data_v1.tex [13]
Underfull \vbox (badness 10000) has occurred while \output is active []

 [14 <./data_collection/version_0_select_primitive.png> <./data_collection/version_0_smiley_flower_with_primitive.png>]
<data_collection/v1_empty_table.png, id=357, 1120.185pt x 543.53062pt>
File: data_collection/v1_empty_table.png Graphic file (type png)
<use data_collection/v1_empty_table.png>
Package pdftex.def Info: data_collection/v1_empty_table.png  used on input line 29.
(pdftex.def)             Requested size: 346.89731pt x 168.31857pt.
<data_collection/v1_before_enter_text.png, id=358, 1110.64937pt x 534.49687pt>
File: data_collection/v1_before_enter_text.png Graphic file (type png)
<use data_collection/v1_before_enter_text.png>
Package pdftex.def Info: data_collection/v1_before_enter_text.png  used on input line 37.
(pdftex.def)             Requested size: 346.89731pt x 166.94014pt.
<data_collection/v1_after_enter_text.png, id=359, 1118.1775pt x 537.00626pt>
File: data_collection/v1_after_enter_text.png Graphic file (type png)
<use data_collection/v1_after_enter_text.png>
Package pdftex.def Info: data_collection/v1_after_enter_text.png  used on input line 48.
(pdftex.def)             Requested size: 346.89731pt x 166.59312pt.
 [15 <./data_collection/v1_empty_table.png> <./data_collection/v1_before_enter_text.png>]
<data_collection/v1_before_delete.png, id=377, 1103.62312pt x 531.9875pt>
File: data_collection/v1_before_delete.png Graphic file (type png)
<use data_collection/v1_before_delete.png>
Package pdftex.def Info: data_collection/v1_before_delete.png  used on input line 66.
(pdftex.def)             Requested size: 346.89731pt x 167.21977pt.
<data_collection/v1_after_delete.png, id=378, 1099.10625pt x 533.995pt>
File: data_collection/v1_after_delete.png Graphic file (type png)
<use data_collection/v1_after_delete.png>
Package pdftex.def Info: data_collection/v1_after_delete.png  used on input line 73.
(pdftex.def)             Requested size: 346.89731pt x 168.53523pt.
<data_collection/v1_instruction.png, id=379, 1103.62312pt x 321.2pt>
File: data_collection/v1_instruction.png Graphic file (type png)
<use data_collection/v1_instruction.png>
Package pdftex.def Info: data_collection/v1_instruction.png  used on input line 86.
(pdftex.def)             Requested size: 433.62pt x 126.2036pt.

Underfull \vbox (badness 10000) has occurred while \output is active []

 [16 <./data_collection/v1_after_enter_text.png>]
Underfull \vbox (badness 3514) has occurred while \output is active []

 [17 <./data_collection/v1_before_delete.png> <./data_collection/v1_after_delete.png>] [18 <./data_collection/v1_instruction.png>]
<data_collection/host_amazon/hit_1/bad_smiley_face_ambiguous_face.png, id=410, 963.6pt x 722.7pt>
File: data_collection/host_amazon/hit_1/bad_smiley_face_ambiguous_face.png Graphic file (type png)
<use data_collection/host_amazon/hit_1/bad_smiley_face_ambiguous_face.png>
Package pdftex.def Info: data_collection/host_amazon/hit_1/bad_smiley_face_ambiguous_face.png  used on input line 117.
(pdftex.def)             Requested size: 86.72267pt x 65.04019pt.
<data_collection/v1_requirement1_bad1.png, id=413, 1089.57062pt x 624.3325pt>
File: data_collection/v1_requirement1_bad1.png Graphic file (type png)
<use data_collection/v1_requirement1_bad1.png>
Package pdftex.def Info: data_collection/v1_requirement1_bad1.png  used on input line 127.
(pdftex.def)             Requested size: 346.89731pt x 198.77113pt.
<data_collection/v1_requirement1_bad2.png, id=414, 982.16937pt x 654.94687pt>
File: data_collection/v1_requirement1_bad2.png Graphic file (type png)
<use data_collection/v1_requirement1_bad2.png>
Package pdftex.def Info: data_collection/v1_requirement1_bad2.png  used on input line 134.
(pdftex.def)             Requested size: 346.89731pt x 231.32352pt.
 [19 <./data_collection/host_amazon/hit_1/bad_smiley_face_ambiguous_face.png>]
Underfull \vbox (badness 10000) has occurred while \output is active []

 [20 <./data_collection/v1_requirement1_bad1.png> <./data_collection/v1_requirement1_bad2.png>]
<data_collection/v1_requirement3_bad1.png, id=447, 806.01125pt x 399.4925pt>
File: data_collection/v1_requirement3_bad1.png Graphic file (type png)
<use data_collection/v1_requirement3_bad1.png>
Package pdftex.def Info: data_collection/v1_requirement3_bad1.png  used on input line 179.
(pdftex.def)             Requested size: 346.89731pt x 171.9369pt.
 [21 <./data_collection/v1_requirement3_bad1.png>]
<data_collection/v1_requirement.png, id=465, 1076.02pt x 610.28pt>
File: data_collection/v1_requirement.png Graphic file (type png)
<use data_collection/v1_requirement.png>
Package pdftex.def Info: data_collection/v1_requirement.png  used on input line 187.
(pdftex.def)             Requested size: 433.62pt x 245.93285pt.
<data_collection/v1_badeg_1.png, id=466, 1093.08376pt x 455.7025pt>
File: data_collection/v1_badeg_1.png Graphic file (type png)
<use data_collection/v1_badeg_1.png>
Package pdftex.def Info: data_collection/v1_badeg_1.png  used on input line 195.
(pdftex.def)             Requested size: 346.89731pt x 144.61787pt.
<data_collection/v1_badeg_2.png, id=467, 1085.05376pt x 431.6125pt>
File: data_collection/v1_badeg_2.png Graphic file (type png)
<use data_collection/v1_badeg_2.png>
Package pdftex.def Info: data_collection/v1_badeg_2.png  used on input line 200.
(pdftex.def)             Requested size: 346.89731pt x 137.98709pt.
<data_collection/v1_badeg_3.png, id=468, 1085.05376pt x 431.6125pt>
File: data_collection/v1_badeg_3.png Graphic file (type png)
<use data_collection/v1_badeg_3.png>
Package pdftex.def Info: data_collection/v1_badeg_3.png  used on input line 205.
(pdftex.def)             Requested size: 346.89731pt x 137.98709pt.
<data_collection/v1_badeg_4.png, id=469, 1085.05376pt x 431.6125pt>
File: data_collection/v1_badeg_4.png Graphic file (type png)
<use data_collection/v1_badeg_4.png>
Package pdftex.def Info: data_collection/v1_badeg_4.png  used on input line 210.
(pdftex.def)             Requested size: 346.89731pt x 137.98709pt.
<data_collection/v1_qual_header.png, id=472, 1095.09125pt x 284.06125pt>
File: data_collection/v1_qual_header.png Graphic file (type png)
<use data_collection/v1_qual_header.png>
Package pdftex.def Info: data_collection/v1_qual_header.png  used on input line 221.
(pdftex.def)             Requested size: 433.62pt x 112.47818pt.
<data_collection/v1_qual_q9_1.png, id=473, 856.19875pt x 454.69875pt>
File: data_collection/v1_qual_q9_1.png Graphic file (type png)
<use data_collection/v1_qual_q9_1.png>
Package pdftex.def Info: data_collection/v1_qual_q9_1.png  used on input line 229.
(pdftex.def)             Requested size: 346.89731pt x 184.22136pt.
<data_collection/v1_qual_q9_2.png, id=474, 856.19875pt x 408.52625pt>
File: data_collection/v1_qual_q9_2.png Graphic file (type png)
<use data_collection/v1_qual_q9_2.png>
Package pdftex.def Info: data_collection/v1_qual_q9_2.png  used on input line 234.
(pdftex.def)             Requested size: 346.89731pt x 165.51456pt.
 [22 <./data_collection/v1_requirement.png>] [23]) (./data_v2.tex [24]
<data_collection/pilot_02_01_annotation_1.png, id=507, 1921.1775pt x 1318.9275pt>
File: data_collection/pilot_02_01_annotation_1.png Graphic file (type png)
<use data_collection/pilot_02_01_annotation_1.png>
Package pdftex.def Info: data_collection/pilot_02_01_annotation_1.png  used on input line 21.
(pdftex.def)             Requested size: 346.89731pt x 238.14134pt.
<data_collection/pilot_02_04_annotation.png, id=508, 2109.8825pt x 1200.485pt>
File: data_collection/pilot_02_04_annotation.png Graphic file (type png)
<use data_collection/pilot_02_04_annotation.png>
Package pdftex.def Info: data_collection/pilot_02_04_annotation.png  used on input line 29.
(pdftex.def)             Requested size: 346.89731pt x 197.3754pt.
File: data_collection/pilot_02_04_annotation.png Graphic file (type png)
<use data_collection/pilot_02_04_annotation.png>
Package pdftex.def Info: data_collection/pilot_02_04_annotation.png  used on input line 40.
(pdftex.def)             Requested size: 346.89731pt x 197.3754pt.
File: data_collection/pilot_02_04_annotation.png Graphic file (type png)
<use data_collection/pilot_02_04_annotation.png>
Package pdftex.def Info: data_collection/pilot_02_04_annotation.png  used on input line 48.
(pdftex.def)             Requested size: 346.89731pt x 197.3754pt.
 [25]
<pantanal.jpeg, id=519, 1204.5pt x 903.375pt>
File: pantanal.jpeg Graphic file (type jpg)
<use pantanal.jpeg>
Package pdftex.def Info: pantanal.jpeg  used on input line 66.
(pdftex.def)             Requested size: 173.44865pt x 130.08315pt.
File: pantanal.jpeg Graphic file (type jpg)
<use pantanal.jpeg>
Package pdftex.def Info: pantanal.jpeg  used on input line 72.
(pdftex.def)             Requested size: 173.44865pt x 130.08315pt.
File: pantanal.jpeg Graphic file (type jpg)
<use pantanal.jpeg>
Package pdftex.def Info: pantanal.jpeg  used on input line 79.
(pdftex.def)             Requested size: 173.44865pt x 130.08315pt.
File: pantanal.jpeg Graphic file (type jpg)
<use pantanal.jpeg>
Package pdftex.def Info: pantanal.jpeg  used on input line 85.
(pdftex.def)             Requested size: 173.44865pt x 130.08315pt.
File: pantanal.jpeg Graphic file (type jpg)
<use pantanal.jpeg>
Package pdftex.def Info: pantanal.jpeg  used on input line 92.
(pdftex.def)             Requested size: 173.44865pt x 130.08315pt.
File: pantanal.jpeg Graphic file (type jpg)
<use pantanal.jpeg>
Package pdftex.def Info: pantanal.jpeg  used on input line 98.
(pdftex.def)             Requested size: 173.44865pt x 130.08315pt.

Overfull \hbox (2.22221pt too wide) in paragraph at lines 64--102
[][] [] 
 []


Overfull \hbox (2.22221pt too wide) in paragraph at lines 64--102
[] [] 
 []


Overfull \hbox (2.22221pt too wide) in paragraph at lines 64--102
[] [] 
 []


LaTeX Warning: `h' float specifier changed to `ht'.

File: pantanal.jpeg Graphic file (type jpg)
<use pantanal.jpeg>
Package pdftex.def Info: pantanal.jpeg  used on input line 107.
(pdftex.def)             Requested size: 346.89731pt x 260.16629pt.

LaTeX Warning: `h' float specifier changed to `ht'.

File: pantanal.jpeg Graphic file (type jpg)
<use pantanal.jpeg>
Package pdftex.def Info: pantanal.jpeg  used on input line 119.
(pdftex.def)             Requested size: 346.89731pt x 260.16629pt.

LaTeX Warning: `h' float specifier changed to `ht'.


LaTeX Warning: `!h' float specifier changed to `!ht'.


Underfull \vbox (badness 10000) has occurred while \output is active []

 [26]) [27] (./final_data.tex
<dataset_image/word_freq_face.png, id=539, 1209.51875pt x 1122.1925pt>
File: dataset_image/word_freq_face.png Graphic file (type png)
<use dataset_image/word_freq_face.png>
Package pdftex.def Info: dataset_image/word_freq_face.png  used on input line 4.
(pdftex.def)             Requested size: 433.62pt x 402.31091pt.


LaTeX Warning: `h' float specifier changed to `ht'.


Overfull \hbox (2.62775pt too wide) in paragraph at lines 35--35
[]|\OT1/cmr/m/n/9 eyes| 
 []


Overfull \hbox (3.65205pt too wide) in paragraph at lines 35--35
[]|\OT1/cmr/m/n/9 nose| 
 []


Overfull \hbox (7.70828pt too wide) in paragraph at lines 35--35
[]|\OT1/cmr/m/n/9 mouth| 
 []


Overfull \hbox (2.07637pt too wide) in paragraph at lines 35--35
[]|\OT1/cmr/m/n/9 hair| 
 []


Overfull \hbox (1.80206pt too wide) in paragraph at lines 35--35
[]|\OT1/cmr/m/n/9 face| 
 []


Overfull \hbox (3.08331pt too wide) in paragraph at lines 35--35
[]|\OT1/cmr/m/n/9 halo| 
 []


Overfull \hbox (2.62775pt too wide) in paragraph at lines 35--35
[]|\OT1/cmr/m/n/9 eyes| 
 []


Overfull \hbox (3.65205pt too wide) in paragraph at lines 35--35
[]|\OT1/cmr/m/n/9 nose| 
 []


Overfull \hbox (7.70828pt too wide) in paragraph at lines 35--35
[]|\OT1/cmr/m/n/9 mouth| 
 []


Overfull \hbox (1.80206pt too wide) in paragraph at lines 35--35
[]|\OT1/cmr/m/n/9 face| 
 []


Overfull \hbox (6.42357pt too wide) in paragraph at lines 35--35
[]|\OT1/cmr/m/n/9 body| 
 []


Overfull \hbox (8.78745pt too wide) in paragraph at lines 35--36
[]|\OT1/cmr/m/n/9 wings| 
 []


Underfull \hbox (badness 10000) in paragraph at lines 43--43
[]|\OT1/cmr/m/n/9 Number of con-
 []

)) [28] [29 <./data_collection/v1_badeg_1.png> <./data_collection/v1_badeg_2.png> <./data_collection/v1_badeg_3.png> <./data_collection/v1_badeg_4.png>] [30 <./data_collection/v1_qual_header.png> <./data_collection/v1_qual_q9_1.png> <./data_collection/v1_qual_q9_2.png>] [31 <./data_collection/pilot_02_01_annotation_1.png> <./data_collection/pilot_02_04_annotation.png>] [32] [33 <./pantanal.jpeg>] [34] [35 <./dataset_image/word_freq_face.png>]
Chapter 4.
(./method.tex
<modeling/angel340.png, id=588, 256.96pt x 256.96pt>
File: modeling/angel340.png Graphic file (type png)
<use modeling/angel340.png>
Package pdftex.def Info: modeling/angel340.png  used on input line 8.
(pdftex.def)             Requested size: 108.405pt x 108.40472pt.
<modeling/angel389.png, id=589, 256.96pt x 256.96pt>
File: modeling/angel389.png Graphic file (type png)
<use modeling/angel389.png>
Package pdftex.def Info: modeling/angel389.png  used on input line 14.
(pdftex.def)             Requested size: 108.405pt x 108.40472pt.

Overfull \hbox (2.22221pt too wide) in paragraph at lines 6--18
[][] [] 
 []

[36

 <./modeling/angel340.png (PNG copy)> <./modeling/angel389.png (PNG copy)>]
<modeling/CLIP.png, id=609, 1088.065pt x 722.7pt>
File: modeling/CLIP.png Graphic file (type png)
<use modeling/CLIP.png>
Package pdftex.def Info: modeling/CLIP.png  used on input line 61.
(pdftex.def)             Requested size: 303.53267pt x 201.60474pt.
 [37 <./modeling/CLIP.png>]
Underfull \vbox (badness 10000) has occurred while \output is active []

 [38]
<modeling/transformer.png, id=638, 744.7825pt x 1428.33624pt>
File: modeling/transformer.png Graphic file (type png)
<use modeling/transformer.png>
Package pdftex.def Info: modeling/transformer.png  used on input line 125.
(pdftex.def)             Requested size: 108.405pt x 207.89896pt.
<modeling/clip_text_transformer.png, id=643, 241.6227pt x 481.0773pt>
File: modeling/clip_text_transformer.png Graphic file (type png)
<use modeling/clip_text_transformer.png>
Package pdftex.def Info: modeling/clip_text_transformer.png  used on input line 132.
(pdftex.def)             Requested size: 108.405pt x 215.8368pt.

Overfull \hbox (18.67079pt too wide) in paragraph at lines 123--136
[][]   [] 
 []

[39 <./modeling/transformer.png> <./modeling/clip_text_transformer.png>]
<modeling/selfAttention.png, id=671, 107.2005pt x 212.9556pt>
File: modeling/selfAttention.png Graphic file (type png)
<use modeling/selfAttention.png>
Package pdftex.def Info: modeling/selfAttention.png  used on input line 149.
(pdftex.def)             Requested size: 65.04366pt x 129.21384pt.
<modeling/multiHeadAttention.png, id=672, 201.1515pt x 308.8338pt>
File: modeling/multiHeadAttention.png Graphic file (type png)
<use modeling/multiHeadAttention.png>
Package pdftex.def Info: modeling/multiHeadAttention.png  used on input line 153.
(pdftex.def)             Requested size: 108.405pt x 166.4379pt.

Overfull \hbox (2.22221pt too wide) in paragraph at lines 147--155
[][] [] 
 []


Underfull \vbox (badness 1394) has occurred while \output is active []

 [40 <./modeling/selfAttention.png> <./modeling/multiHeadAttention.png>]
<modeling/visionTransformer.png, id=700, 799.3062pt x 403.62794pt>
File: modeling/visionTransformer.png Graphic file (type png)
<use modeling/visionTransformer.png>
Package pdftex.def Info: modeling/visionTransformer.png  used on input line 200.
(pdftex.def)             Requested size: 303.53267pt x 153.2755pt.
 [41 <./modeling/visionTransformer.png>]
Underfull \vbox (badness 10000) has occurred while \output is active []

 [42]
LaTeX Font Info:    Trying to load font information for U+bbm on input line 258.
 (/usr/local/texlive/2022/texmf-dist/tex/latex/bbm-macros/ubbm.fd
File: ubbm.fd 1999/03/15 V 1.2 Font definition for bbm font - TH
)
Underfull \vbox (badness 10000) has occurred while \output is active []

 [43]) [44]
Chapter 5.
(./results.tex [45

]
Underfull \vbox (badness 10000) has occurred while \output is active []

 [46]
<results/contrasting_pair2_color_19.png, id=760, 341.275pt x 341.275pt>
File: results/contrasting_pair2_color_19.png Graphic file (type png)
<use results/contrasting_pair2_color_19.png>
Package pdftex.def Info: results/contrasting_pair2_color_19.png  used on input line 55.
(pdftex.def)             Requested size: 108.405pt x 108.40308pt.
<results/contrasting_pair2_color_102.png, id=761, 341.275pt x 341.275pt>
File: results/contrasting_pair2_color_102.png Graphic file (type png)
<use results/contrasting_pair2_color_102.png>
Package pdftex.def Info: results/contrasting_pair2_color_102.png  used on input line 61.
(pdftex.def)             Requested size: 108.405pt x 108.40308pt.

Overfull \hbox (2.22221pt too wide) in paragraph at lines 53--65
[][] [] 
 []


Underfull \vbox (badness 1005) has occurred while \output is active []

 [47 <./results/contrasting_pair2_color_19.png> <./results/contrasting_pair2_color_102.png>]
Underfull \vbox (badness 10000) has occurred while \output is active []

 [48]) [49]
Chapter 6.
(./future.tex
<future/future_nose_variety_392.png, id=784, 341.275pt x 341.275pt>
File: future/future_nose_variety_392.png Graphic file (type png)
<use future/future_nose_variety_392.png>
Package pdftex.def Info: future/future_nose_variety_392.png  used on input line 4.
(pdftex.def)             Requested size: 130.08731pt x 130.0868pt.

Underfull \vbox (badness 5260) has occurred while \output is active []

 [50

 <./future/future_nose_variety_392.png>]) (./main.bbl [51] [52

] [53]) [54] (./main.aux)
Package rerunfilecheck Info: File `main.out' has not changed.
(rerunfilecheck)             Checksum: 56F6F25985EB61567E4BEA977D576C40;3618.
 ) 
Here is how much of TeX's memory you used:
 28044 strings out of 478268
 542556 string characters out of 5846353
 816337 words of memory out of 5000000
 45501 multiletter control sequences out of 15000+600000
 481355 words of font info for 77 fonts, out of 8000000 for 9000
 1141 hyphenation exceptions out of 8191
 108i,17n,106p,1509b,962s stack positions out of 10000i,1000n,20000p,200000b,200000s
 </home/erinzhang/.texlive2022/texmf-var/fonts/pk/ljfour/public/bbm/bbm10.600pk>{/usr/local/texlive/2022/texmf-dist/fonts/enc/dvips/fontawesome5/fa5free2.enc}{/usr/local/texlive/2022/texmf-dist/fonts/enc/dvips/cm-super/cm-super-ts1.enc}</usr/local/texlive/2022/texmf-dist/fonts/type1/public/fontawesome5/FontAwesome5Free-Solid.pfb></usr/local/texlive/2022/texmf-dist/fonts/type1/public/amsfonts/cm/cmbx10.pfb></usr/local/texlive/2022/texmf-dist/fonts/type1/public/amsfonts/cm/cmbx12.pfb></usr/local/texlive/2022/texmf-dist/fonts/type1/public/amsfonts/cm/cmex10.pfb></usr/local/texlive/2022/texmf-dist/fonts/type1/public/amsfonts/cmextra/cmex7.pfb></usr/local/texlive/2022/texmf-dist/fonts/type1/public/amsfonts/cm/cmmi10.pfb></usr/local/texlive/2022/texmf-dist/fonts/type1/public/amsfonts/cm/cmmi5.pfb></usr/local/texlive/2022/texmf-dist/fonts/type1/public/amsfonts/cm/cmmi7.pfb></usr/local/texlive/2022/texmf-dist/fonts/type1/public/amsfonts/cm/cmmi9.pfb></usr/local/texlive/2022/texmf-dist/fonts/type1/public/amsfonts/cm/cmr10.pfb></usr/local/texlive/2022/texmf-dist/fonts/type1/public/amsfonts/cm/cmr12.pfb></usr/local/texlive/2022/texmf-dist/fonts/type1/public/amsfonts/cm/cmr5.pfb></usr/local/texlive/2022/texmf-dist/fonts/type1/public/amsfonts/cm/cmr6.pfb></usr/local/texlive/2022/texmf-dist/fonts/type1/public/amsfonts/cm/cmr7.pfb></usr/local/texlive/2022/texmf-dist/fonts/type1/public/amsfonts/cm/cmr8.pfb></usr/local/texlive/2022/texmf-dist/fonts/type1/public/amsfonts/cm/cmr9.pfb></usr/local/texlive/2022/texmf-dist/fonts/type1/public/amsfonts/cm/cmsl10.pfb></usr/local/texlive/2022/texmf-dist/fonts/type1/public/amsfonts/cm/cmsy10.pfb></usr/local/texlive/2022/texmf-dist/fonts/type1/public/amsfonts/cm/cmsy7.pfb></usr/local/texlive/2022/texmf-dist/fonts/type1/public/amsfonts/cm/cmti10.pfb></usr/local/texlive/2022/texmf-dist/fonts/type1/public/amsfonts/cm/cmti9.pfb></usr/local/texlive/2022/texmf-dist/fonts/type1/public/amsfonts/cm/cmtt10.pfb></usr/local/texlive/2022/texmf-dist/fonts/type1/public/amsfonts/cm/cmtt8.pfb></usr/local/texlive/2022/texmf-dist/fonts/type1/public/amsfonts/symbols/msbm10.pfb></usr/local/texlive/2022/texmf-dist/fonts/type1/public/cm-super/sfrm1000.pfb>
Output written on main.pdf (60 pages, 3813907 bytes).
PDF statistics:
 987 PDF objects out of 1000 (max. 8388607)
 788 compressed objects within 8 object streams
 205 named destinations out of 1000 (max. 500000)
 409 words of extra memory for PDF output out of 10000 (max. 10000000)

